This file contains any messages produced by compilers while
running configure, to aid debugging if configure makes a mistake.

It was created by libccv configure 0.6, which was
generated by GNU Autoconf 2.69.  Invocation command line was

  $ ./configure 

## --------- ##
## Platform. ##
## --------- ##

hostname = gu-VirtualBox
uname -m = x86_64
uname -r = 3.11.0-15-generic
uname -s = Linux
uname -v = #25~precise1-Ubuntu SMP Thu Jan 30 17:39:31 UTC 2014

/usr/bin/uname -p = unknown
/bin/uname -X     = unknown

/bin/arch              = unknown
/usr/bin/arch -k       = unknown
/usr/convex/getsysinfo = unknown
/usr/bin/hostinfo      = unknown
/bin/machine           = unknown
/usr/bin/oslevel       = unknown
/bin/universe          = unknown

PATH: /usr/lib/lightdm/lightdm
PATH: /usr/local/sbin
PATH: /usr/local/bin
PATH: /usr/sbin
PATH: /usr/bin
PATH: /sbin
PATH: /bin
PATH: /usr/games


## ----------- ##
## Core tests. ##
## ----------- ##

configure:2036: checking for clang
configure:2066: result: no
configure:2075: checking for nvcc
configure:2105: result: no
configure:2160: checking for gcc
configure:2176: found /usr/bin/gcc
configure:2187: result: gcc
configure:2416: checking for C compiler version
configure:2425: gcc --version >&5
gcc (Ubuntu/Linaro 4.6.3-1ubuntu5) 4.6.3
Copyright (C) 2011 Free Software Foundation, Inc.
This is free software; see the source for copying conditions.  There is NO
warranty; not even for MERCHANTABILITY or FITNESS FOR A PARTICULAR PURPOSE.

configure:2436: $? = 0
configure:2425: gcc -v >&5
Using built-in specs.
COLLECT_GCC=gcc
COLLECT_LTO_WRAPPER=/usr/lib/gcc/x86_64-linux-gnu/4.6/lto-wrapper
Target: x86_64-linux-gnu
Configured with: ../src/configure -v --with-pkgversion='Ubuntu/Linaro 4.6.3-1ubuntu5' --with-bugurl=file:///usr/share/doc/gcc-4.6/README.Bugs --enable-languages=c,c++,fortran,objc,obj-c++ --prefix=/usr --program-suffix=-4.6 --enable-shared --enable-linker-build-id --with-system-zlib --libexecdir=/usr/lib --without-included-gettext --enable-threads=posix --with-gxx-include-dir=/usr/include/c++/4.6 --libdir=/usr/lib --enable-nls --with-sysroot=/ --enable-clocale=gnu --enable-libstdcxx-debug --enable-libstdcxx-time=yes --enable-gnu-unique-object --enable-plugin --enable-objc-gc --disable-werror --with-arch-32=i686 --with-tune=generic --enable-checking=release --build=x86_64-linux-gnu --host=x86_64-linux-gnu --target=x86_64-linux-gnu
Thread model: posix
gcc version 4.6.3 (Ubuntu/Linaro 4.6.3-1ubuntu5) 
configure:2436: $? = 0
configure:2425: gcc -V >&5
gcc: error: unrecognized option '-V'
gcc: fatal error: no input files
compilation terminated.
configure:2436: $? = 4
configure:2425: gcc -qversion >&5
gcc: error: unrecognized option '-qversion'
gcc: fatal error: no input files
compilation terminated.
configure:2436: $? = 4
configure:2456: checking whether the C compiler works
configure:2478: gcc    conftest.c  >&5
configure:2482: $? = 0
configure:2530: result: yes
configure:2533: checking for C compiler default output file name
configure:2535: result: a.out
configure:2541: checking for suffix of executables
configure:2548: gcc -o conftest    conftest.c  >&5
configure:2552: $? = 0
configure:2574: result: 
configure:2596: checking whether we are cross compiling
configure:2604: gcc -o conftest    conftest.c  >&5
configure:2608: $? = 0
configure:2615: ./conftest
configure:2619: $? = 0
configure:2634: result: no
configure:2639: checking for suffix of object files
configure:2661: gcc -c   conftest.c >&5
configure:2665: $? = 0
configure:2686: result: o
configure:2690: checking whether we are using the GNU C compiler
configure:2709: gcc -c   conftest.c >&5
configure:2709: $? = 0
configure:2718: result: yes
configure:2727: checking whether gcc accepts -g
configure:2747: gcc -c -g  conftest.c >&5
configure:2747: $? = 0
configure:2788: result: yes
configure:2805: checking for gcc option to accept ISO C89
configure:2868: gcc  -c -g -O2  conftest.c >&5
configure:2868: $? = 0
configure:2881: result: none needed
configure:2907: checking how to run the C preprocessor
configure:2938: gcc -E  conftest.c
configure:2938: $? = 0
configure:2952: gcc -E  conftest.c
conftest.c:9:28: fatal error: ac_nonexistent.h: No such file or directory
compilation terminated.
configure:2952: $? = 1
configure: failed program was:
| /* confdefs.h */
| #define PACKAGE_NAME "libccv"
| #define PACKAGE_TARNAME "libccv"
| #define PACKAGE_VERSION "0.6"
| #define PACKAGE_STRING "libccv 0.6"
| #define PACKAGE_BUGREPORT ""
| #define PACKAGE_URL ""
| /* end confdefs.h.  */
| #include <ac_nonexistent.h>
configure:2977: result: gcc -E
configure:2997: gcc -E  conftest.c
configure:2997: $? = 0
configure:3011: gcc -E  conftest.c
conftest.c:9:28: fatal error: ac_nonexistent.h: No such file or directory
compilation terminated.
configure:3011: $? = 1
configure: failed program was:
| /* confdefs.h */
| #define PACKAGE_NAME "libccv"
| #define PACKAGE_TARNAME "libccv"
| #define PACKAGE_VERSION "0.6"
| #define PACKAGE_STRING "libccv 0.6"
| #define PACKAGE_BUGREPORT ""
| #define PACKAGE_URL ""
| /* end confdefs.h.  */
| #include <ac_nonexistent.h>
configure:3040: checking for grep that handles long lines and -e
configure:3098: result: /bin/grep
configure:3103: checking for egrep
configure:3165: result: /bin/grep -E
configure:3170: checking for ANSI C header files
configure:3190: gcc -c -g -O2  conftest.c >&5
configure:3190: $? = 0
configure:3263: gcc -o conftest -g -O2   conftest.c  >&5
configure:3263: $? = 0
configure:3263: ./conftest
configure:3263: $? = 0
configure:3274: result: yes
configure:3287: checking for sys/types.h
configure:3287: gcc -c -g -O2  conftest.c >&5
configure:3287: $? = 0
configure:3287: result: yes
configure:3287: checking for sys/stat.h
configure:3287: gcc -c -g -O2  conftest.c >&5
configure:3287: $? = 0
configure:3287: result: yes
configure:3287: checking for stdlib.h
configure:3287: gcc -c -g -O2  conftest.c >&5
configure:3287: $? = 0
configure:3287: result: yes
configure:3287: checking for string.h
configure:3287: gcc -c -g -O2  conftest.c >&5
configure:3287: $? = 0
configure:3287: result: yes
configure:3287: checking for memory.h
configure:3287: gcc -c -g -O2  conftest.c >&5
configure:3287: $? = 0
configure:3287: result: yes
configure:3287: checking for strings.h
configure:3287: gcc -c -g -O2  conftest.c >&5
configure:3287: $? = 0
configure:3287: result: yes
configure:3287: checking for inttypes.h
configure:3287: gcc -c -g -O2  conftest.c >&5
configure:3287: $? = 0
configure:3287: result: yes
configure:3287: checking for stdint.h
configure:3287: gcc -c -g -O2  conftest.c >&5
configure:3287: $? = 0
configure:3287: result: yes
configure:3287: checking for unistd.h
configure:3287: gcc -c -g -O2  conftest.c >&5
configure:3287: $? = 0
configure:3287: result: yes
configure:3299: checking xmmintrin.h usability
configure:3299: gcc -c -g -O2  conftest.c >&5
configure:3299: $? = 0
configure:3299: result: yes
configure:3299: checking xmmintrin.h presence
configure:3299: gcc -E  conftest.c
configure:3299: $? = 0
configure:3299: result: yes
configure:3299: checking for xmmintrin.h
configure:3299: result: yes
configure:3307: checking png.h usability
configure:3307: gcc -c -g -O2  conftest.c >&5
conftest.c:52:17: fatal error: png.h: No such file or directory
compilation terminated.
configure:3307: $? = 1
configure: failed program was:
| /* confdefs.h */
| #define PACKAGE_NAME "libccv"
| #define PACKAGE_TARNAME "libccv"
| #define PACKAGE_VERSION "0.6"
| #define PACKAGE_STRING "libccv 0.6"
| #define PACKAGE_BUGREPORT ""
| #define PACKAGE_URL ""
| #define STDC_HEADERS 1
| #define HAVE_SYS_TYPES_H 1
| #define HAVE_SYS_STAT_H 1
| #define HAVE_STDLIB_H 1
| #define HAVE_STRING_H 1
| #define HAVE_MEMORY_H 1
| #define HAVE_STRINGS_H 1
| #define HAVE_INTTYPES_H 1
| #define HAVE_STDINT_H 1
| #define HAVE_UNISTD_H 1
| /* end confdefs.h.  */
| #include <stdio.h>
| #ifdef HAVE_SYS_TYPES_H
| # include <sys/types.h>
| #endif
| #ifdef HAVE_SYS_STAT_H
| # include <sys/stat.h>
| #endif
| #ifdef STDC_HEADERS
| # include <stdlib.h>
| # include <stddef.h>
| #else
| # ifdef HAVE_STDLIB_H
| #  include <stdlib.h>
| # endif
| #endif
| #ifdef HAVE_STRING_H
| # if !defined STDC_HEADERS && defined HAVE_MEMORY_H
| #  include <memory.h>
| # endif
| # include <string.h>
| #endif
| #ifdef HAVE_STRINGS_H
| # include <strings.h>
| #endif
| #ifdef HAVE_INTTYPES_H
| # include <inttypes.h>
| #endif
| #ifdef HAVE_STDINT_H
| # include <stdint.h>
| #endif
| #ifdef HAVE_UNISTD_H
| # include <unistd.h>
| #endif
| #include <png.h>
configure:3307: result: no
configure:3307: checking png.h presence
configure:3307: gcc -E  conftest.c
conftest.c:19:17: fatal error: png.h: No such file or directory
compilation terminated.
configure:3307: $? = 1
configure: failed program was:
| /* confdefs.h */
| #define PACKAGE_NAME "libccv"
| #define PACKAGE_TARNAME "libccv"
| #define PACKAGE_VERSION "0.6"
| #define PACKAGE_STRING "libccv 0.6"
| #define PACKAGE_BUGREPORT ""
| #define PACKAGE_URL ""
| #define STDC_HEADERS 1
| #define HAVE_SYS_TYPES_H 1
| #define HAVE_SYS_STAT_H 1
| #define HAVE_STDLIB_H 1
| #define HAVE_STRING_H 1
| #define HAVE_MEMORY_H 1
| #define HAVE_STRINGS_H 1
| #define HAVE_INTTYPES_H 1
| #define HAVE_STDINT_H 1
| #define HAVE_UNISTD_H 1
| /* end confdefs.h.  */
| #include <png.h>
configure:3307: result: no
configure:3307: checking for png.h
configure:3307: result: no
configure:3315: checking jpeglib.h usability
configure:3315: gcc -c -g -O2  conftest.c >&5
conftest.c:52:21: fatal error: jpeglib.h: No such file or directory
compilation terminated.
configure:3315: $? = 1
configure: failed program was:
| /* confdefs.h */
| #define PACKAGE_NAME "libccv"
| #define PACKAGE_TARNAME "libccv"
| #define PACKAGE_VERSION "0.6"
| #define PACKAGE_STRING "libccv 0.6"
| #define PACKAGE_BUGREPORT ""
| #define PACKAGE_URL ""
| #define STDC_HEADERS 1
| #define HAVE_SYS_TYPES_H 1
| #define HAVE_SYS_STAT_H 1
| #define HAVE_STDLIB_H 1
| #define HAVE_STRING_H 1
| #define HAVE_MEMORY_H 1
| #define HAVE_STRINGS_H 1
| #define HAVE_INTTYPES_H 1
| #define HAVE_STDINT_H 1
| #define HAVE_UNISTD_H 1
| /* end confdefs.h.  */
| #include <stdio.h>
| #ifdef HAVE_SYS_TYPES_H
| # include <sys/types.h>
| #endif
| #ifdef HAVE_SYS_STAT_H
| # include <sys/stat.h>
| #endif
| #ifdef STDC_HEADERS
| # include <stdlib.h>
| # include <stddef.h>
| #else
| # ifdef HAVE_STDLIB_H
| #  include <stdlib.h>
| # endif
| #endif
| #ifdef HAVE_STRING_H
| # if !defined STDC_HEADERS && defined HAVE_MEMORY_H
| #  include <memory.h>
| # endif
| # include <string.h>
| #endif
| #ifdef HAVE_STRINGS_H
| # include <strings.h>
| #endif
| #ifdef HAVE_INTTYPES_H
| # include <inttypes.h>
| #endif
| #ifdef HAVE_STDINT_H
| # include <stdint.h>
| #endif
| #ifdef HAVE_UNISTD_H
| # include <unistd.h>
| #endif
| #include <jpeglib.h>
configure:3315: result: no
configure:3315: checking jpeglib.h presence
configure:3315: gcc -E  conftest.c
conftest.c:19:21: fatal error: jpeglib.h: No such file or directory
compilation terminated.
configure:3315: $? = 1
configure: failed program was:
| /* confdefs.h */
| #define PACKAGE_NAME "libccv"
| #define PACKAGE_TARNAME "libccv"
| #define PACKAGE_VERSION "0.6"
| #define PACKAGE_STRING "libccv 0.6"
| #define PACKAGE_BUGREPORT ""
| #define PACKAGE_URL ""
| #define STDC_HEADERS 1
| #define HAVE_SYS_TYPES_H 1
| #define HAVE_SYS_STAT_H 1
| #define HAVE_STDLIB_H 1
| #define HAVE_STRING_H 1
| #define HAVE_MEMORY_H 1
| #define HAVE_STRINGS_H 1
| #define HAVE_INTTYPES_H 1
| #define HAVE_STDINT_H 1
| #define HAVE_UNISTD_H 1
| /* end confdefs.h.  */
| #include <jpeglib.h>
configure:3315: result: no
configure:3315: checking for jpeglib.h
configure:3315: result: no
configure:3323: checking fftw3.h usability
configure:3323: gcc -c -g -O2  conftest.c >&5
conftest.c:52:19: fatal error: fftw3.h: No such file or directory
compilation terminated.
configure:3323: $? = 1
configure: failed program was:
| /* confdefs.h */
| #define PACKAGE_NAME "libccv"
| #define PACKAGE_TARNAME "libccv"
| #define PACKAGE_VERSION "0.6"
| #define PACKAGE_STRING "libccv 0.6"
| #define PACKAGE_BUGREPORT ""
| #define PACKAGE_URL ""
| #define STDC_HEADERS 1
| #define HAVE_SYS_TYPES_H 1
| #define HAVE_SYS_STAT_H 1
| #define HAVE_STDLIB_H 1
| #define HAVE_STRING_H 1
| #define HAVE_MEMORY_H 1
| #define HAVE_STRINGS_H 1
| #define HAVE_INTTYPES_H 1
| #define HAVE_STDINT_H 1
| #define HAVE_UNISTD_H 1
| /* end confdefs.h.  */
| #include <stdio.h>
| #ifdef HAVE_SYS_TYPES_H
| # include <sys/types.h>
| #endif
| #ifdef HAVE_SYS_STAT_H
| # include <sys/stat.h>
| #endif
| #ifdef STDC_HEADERS
| # include <stdlib.h>
| # include <stddef.h>
| #else
| # ifdef HAVE_STDLIB_H
| #  include <stdlib.h>
| # endif
| #endif
| #ifdef HAVE_STRING_H
| # if !defined STDC_HEADERS && defined HAVE_MEMORY_H
| #  include <memory.h>
| # endif
| # include <string.h>
| #endif
| #ifdef HAVE_STRINGS_H
| # include <strings.h>
| #endif
| #ifdef HAVE_INTTYPES_H
| # include <inttypes.h>
| #endif
| #ifdef HAVE_STDINT_H
| # include <stdint.h>
| #endif
| #ifdef HAVE_UNISTD_H
| # include <unistd.h>
| #endif
| #include <fftw3.h>
configure:3323: result: no
configure:3323: checking fftw3.h presence
configure:3323: gcc -E  conftest.c
conftest.c:19:19: fatal error: fftw3.h: No such file or directory
compilation terminated.
configure:3323: $? = 1
configure: failed program was:
| /* confdefs.h */
| #define PACKAGE_NAME "libccv"
| #define PACKAGE_TARNAME "libccv"
| #define PACKAGE_VERSION "0.6"
| #define PACKAGE_STRING "libccv 0.6"
| #define PACKAGE_BUGREPORT ""
| #define PACKAGE_URL ""
| #define STDC_HEADERS 1
| #define HAVE_SYS_TYPES_H 1
| #define HAVE_SYS_STAT_H 1
| #define HAVE_STDLIB_H 1
| #define HAVE_STRING_H 1
| #define HAVE_MEMORY_H 1
| #define HAVE_STRINGS_H 1
| #define HAVE_INTTYPES_H 1
| #define HAVE_STDINT_H 1
| #define HAVE_UNISTD_H 1
| /* end confdefs.h.  */
| #include <fftw3.h>
configure:3323: result: no
configure:3323: checking for fftw3.h
configure:3323: result: no
configure:3331: checking linear.h usability
configure:3331: gcc -c -g -O2  conftest.c >&5
conftest.c:52:20: fatal error: linear.h: No such file or directory
compilation terminated.
configure:3331: $? = 1
configure: failed program was:
| /* confdefs.h */
| #define PACKAGE_NAME "libccv"
| #define PACKAGE_TARNAME "libccv"
| #define PACKAGE_VERSION "0.6"
| #define PACKAGE_STRING "libccv 0.6"
| #define PACKAGE_BUGREPORT ""
| #define PACKAGE_URL ""
| #define STDC_HEADERS 1
| #define HAVE_SYS_TYPES_H 1
| #define HAVE_SYS_STAT_H 1
| #define HAVE_STDLIB_H 1
| #define HAVE_STRING_H 1
| #define HAVE_MEMORY_H 1
| #define HAVE_STRINGS_H 1
| #define HAVE_INTTYPES_H 1
| #define HAVE_STDINT_H 1
| #define HAVE_UNISTD_H 1
| /* end confdefs.h.  */
| #include <stdio.h>
| #ifdef HAVE_SYS_TYPES_H
| # include <sys/types.h>
| #endif
| #ifdef HAVE_SYS_STAT_H
| # include <sys/stat.h>
| #endif
| #ifdef STDC_HEADERS
| # include <stdlib.h>
| # include <stddef.h>
| #else
| # ifdef HAVE_STDLIB_H
| #  include <stdlib.h>
| # endif
| #endif
| #ifdef HAVE_STRING_H
| # if !defined STDC_HEADERS && defined HAVE_MEMORY_H
| #  include <memory.h>
| # endif
| # include <string.h>
| #endif
| #ifdef HAVE_STRINGS_H
| # include <strings.h>
| #endif
| #ifdef HAVE_INTTYPES_H
| # include <inttypes.h>
| #endif
| #ifdef HAVE_STDINT_H
| # include <stdint.h>
| #endif
| #ifdef HAVE_UNISTD_H
| # include <unistd.h>
| #endif
| #include <linear.h>
configure:3331: result: no
configure:3331: checking linear.h presence
configure:3331: gcc -E  conftest.c
conftest.c:19:20: fatal error: linear.h: No such file or directory
compilation terminated.
configure:3331: $? = 1
configure: failed program was:
| /* confdefs.h */
| #define PACKAGE_NAME "libccv"
| #define PACKAGE_TARNAME "libccv"
| #define PACKAGE_VERSION "0.6"
| #define PACKAGE_STRING "libccv 0.6"
| #define PACKAGE_BUGREPORT ""
| #define PACKAGE_URL ""
| #define STDC_HEADERS 1
| #define HAVE_SYS_TYPES_H 1
| #define HAVE_SYS_STAT_H 1
| #define HAVE_STDLIB_H 1
| #define HAVE_STRING_H 1
| #define HAVE_MEMORY_H 1
| #define HAVE_STRINGS_H 1
| #define HAVE_INTTYPES_H 1
| #define HAVE_STDINT_H 1
| #define HAVE_UNISTD_H 1
| /* end confdefs.h.  */
| #include <linear.h>
configure:3331: result: no
configure:3331: checking for linear.h
configure:3331: result: no
configure:3339: checking cblas.h usability
configure:3339: gcc -c -g -O2  conftest.c >&5
conftest.c:52:19: fatal error: cblas.h: No such file or directory
compilation terminated.
configure:3339: $? = 1
configure: failed program was:
| /* confdefs.h */
| #define PACKAGE_NAME "libccv"
| #define PACKAGE_TARNAME "libccv"
| #define PACKAGE_VERSION "0.6"
| #define PACKAGE_STRING "libccv 0.6"
| #define PACKAGE_BUGREPORT ""
| #define PACKAGE_URL ""
| #define STDC_HEADERS 1
| #define HAVE_SYS_TYPES_H 1
| #define HAVE_SYS_STAT_H 1
| #define HAVE_STDLIB_H 1
| #define HAVE_STRING_H 1
| #define HAVE_MEMORY_H 1
| #define HAVE_STRINGS_H 1
| #define HAVE_INTTYPES_H 1
| #define HAVE_STDINT_H 1
| #define HAVE_UNISTD_H 1
| /* end confdefs.h.  */
| #include <stdio.h>
| #ifdef HAVE_SYS_TYPES_H
| # include <sys/types.h>
| #endif
| #ifdef HAVE_SYS_STAT_H
| # include <sys/stat.h>
| #endif
| #ifdef STDC_HEADERS
| # include <stdlib.h>
| # include <stddef.h>
| #else
| # ifdef HAVE_STDLIB_H
| #  include <stdlib.h>
| # endif
| #endif
| #ifdef HAVE_STRING_H
| # if !defined STDC_HEADERS && defined HAVE_MEMORY_H
| #  include <memory.h>
| # endif
| # include <string.h>
| #endif
| #ifdef HAVE_STRINGS_H
| # include <strings.h>
| #endif
| #ifdef HAVE_INTTYPES_H
| # include <inttypes.h>
| #endif
| #ifdef HAVE_STDINT_H
| # include <stdint.h>
| #endif
| #ifdef HAVE_UNISTD_H
| # include <unistd.h>
| #endif
| #include <cblas.h>
configure:3339: result: no
configure:3339: checking cblas.h presence
configure:3339: gcc -E  conftest.c
conftest.c:19:19: fatal error: cblas.h: No such file or directory
compilation terminated.
configure:3339: $? = 1
configure: failed program was:
| /* confdefs.h */
| #define PACKAGE_NAME "libccv"
| #define PACKAGE_TARNAME "libccv"
| #define PACKAGE_VERSION "0.6"
| #define PACKAGE_STRING "libccv 0.6"
| #define PACKAGE_BUGREPORT ""
| #define PACKAGE_URL ""
| #define STDC_HEADERS 1
| #define HAVE_SYS_TYPES_H 1
| #define HAVE_SYS_STAT_H 1
| #define HAVE_STDLIB_H 1
| #define HAVE_STRING_H 1
| #define HAVE_MEMORY_H 1
| #define HAVE_STRINGS_H 1
| #define HAVE_INTTYPES_H 1
| #define HAVE_STDINT_H 1
| #define HAVE_UNISTD_H 1
| /* end confdefs.h.  */
| #include <cblas.h>
configure:3339: result: no
configure:3339: checking for cblas.h
configure:3339: result: no
configure:3347: checking tesseract/capi.h usability
configure:3347: gcc -c -g -O2  conftest.c >&5
conftest.c:52:28: fatal error: tesseract/capi.h: No such file or directory
compilation terminated.
configure:3347: $? = 1
configure: failed program was:
| /* confdefs.h */
| #define PACKAGE_NAME "libccv"
| #define PACKAGE_TARNAME "libccv"
| #define PACKAGE_VERSION "0.6"
| #define PACKAGE_STRING "libccv 0.6"
| #define PACKAGE_BUGREPORT ""
| #define PACKAGE_URL ""
| #define STDC_HEADERS 1
| #define HAVE_SYS_TYPES_H 1
| #define HAVE_SYS_STAT_H 1
| #define HAVE_STDLIB_H 1
| #define HAVE_STRING_H 1
| #define HAVE_MEMORY_H 1
| #define HAVE_STRINGS_H 1
| #define HAVE_INTTYPES_H 1
| #define HAVE_STDINT_H 1
| #define HAVE_UNISTD_H 1
| /* end confdefs.h.  */
| #include <stdio.h>
| #ifdef HAVE_SYS_TYPES_H
| # include <sys/types.h>
| #endif
| #ifdef HAVE_SYS_STAT_H
| # include <sys/stat.h>
| #endif
| #ifdef STDC_HEADERS
| # include <stdlib.h>
| # include <stddef.h>
| #else
| # ifdef HAVE_STDLIB_H
| #  include <stdlib.h>
| # endif
| #endif
| #ifdef HAVE_STRING_H
| # if !defined STDC_HEADERS && defined HAVE_MEMORY_H
| #  include <memory.h>
| # endif
| # include <string.h>
| #endif
| #ifdef HAVE_STRINGS_H
| # include <strings.h>
| #endif
| #ifdef HAVE_INTTYPES_H
| # include <inttypes.h>
| #endif
| #ifdef HAVE_STDINT_H
| # include <stdint.h>
| #endif
| #ifdef HAVE_UNISTD_H
| # include <unistd.h>
| #endif
| #include <tesseract/capi.h>
configure:3347: result: no
configure:3347: checking tesseract/capi.h presence
configure:3347: gcc -E  conftest.c
conftest.c:19:28: fatal error: tesseract/capi.h: No such file or directory
compilation terminated.
configure:3347: $? = 1
configure: failed program was:
| /* confdefs.h */
| #define PACKAGE_NAME "libccv"
| #define PACKAGE_TARNAME "libccv"
| #define PACKAGE_VERSION "0.6"
| #define PACKAGE_STRING "libccv 0.6"
| #define PACKAGE_BUGREPORT ""
| #define PACKAGE_URL ""
| #define STDC_HEADERS 1
| #define HAVE_SYS_TYPES_H 1
| #define HAVE_SYS_STAT_H 1
| #define HAVE_STDLIB_H 1
| #define HAVE_STRING_H 1
| #define HAVE_MEMORY_H 1
| #define HAVE_STRINGS_H 1
| #define HAVE_INTTYPES_H 1
| #define HAVE_STDINT_H 1
| #define HAVE_UNISTD_H 1
| /* end confdefs.h.  */
| #include <tesseract/capi.h>
configure:3347: result: no
configure:3347: checking for tesseract/capi.h
configure:3347: result: no
configure:3355: checking Accelerate/Accelerate.h usability
configure:3355: gcc -c -g -O2  conftest.c >&5
conftest.c:52:35: fatal error: Accelerate/Accelerate.h: No such file or directory
compilation terminated.
configure:3355: $? = 1
configure: failed program was:
| /* confdefs.h */
| #define PACKAGE_NAME "libccv"
| #define PACKAGE_TARNAME "libccv"
| #define PACKAGE_VERSION "0.6"
| #define PACKAGE_STRING "libccv 0.6"
| #define PACKAGE_BUGREPORT ""
| #define PACKAGE_URL ""
| #define STDC_HEADERS 1
| #define HAVE_SYS_TYPES_H 1
| #define HAVE_SYS_STAT_H 1
| #define HAVE_STDLIB_H 1
| #define HAVE_STRING_H 1
| #define HAVE_MEMORY_H 1
| #define HAVE_STRINGS_H 1
| #define HAVE_INTTYPES_H 1
| #define HAVE_STDINT_H 1
| #define HAVE_UNISTD_H 1
| /* end confdefs.h.  */
| #include <stdio.h>
| #ifdef HAVE_SYS_TYPES_H
| # include <sys/types.h>
| #endif
| #ifdef HAVE_SYS_STAT_H
| # include <sys/stat.h>
| #endif
| #ifdef STDC_HEADERS
| # include <stdlib.h>
| # include <stddef.h>
| #else
| # ifdef HAVE_STDLIB_H
| #  include <stdlib.h>
| # endif
| #endif
| #ifdef HAVE_STRING_H
| # if !defined STDC_HEADERS && defined HAVE_MEMORY_H
| #  include <memory.h>
| # endif
| # include <string.h>
| #endif
| #ifdef HAVE_STRINGS_H
| # include <strings.h>
| #endif
| #ifdef HAVE_INTTYPES_H
| # include <inttypes.h>
| #endif
| #ifdef HAVE_STDINT_H
| # include <stdint.h>
| #endif
| #ifdef HAVE_UNISTD_H
| # include <unistd.h>
| #endif
| #include <Accelerate/Accelerate.h>
configure:3355: result: no
configure:3355: checking Accelerate/Accelerate.h presence
configure:3355: gcc -E  conftest.c
conftest.c:19:35: fatal error: Accelerate/Accelerate.h: No such file or directory
compilation terminated.
configure:3355: $? = 1
configure: failed program was:
| /* confdefs.h */
| #define PACKAGE_NAME "libccv"
| #define PACKAGE_TARNAME "libccv"
| #define PACKAGE_VERSION "0.6"
| #define PACKAGE_STRING "libccv 0.6"
| #define PACKAGE_BUGREPORT ""
| #define PACKAGE_URL ""
| #define STDC_HEADERS 1
| #define HAVE_SYS_TYPES_H 1
| #define HAVE_SYS_STAT_H 1
| #define HAVE_STDLIB_H 1
| #define HAVE_STRING_H 1
| #define HAVE_MEMORY_H 1
| #define HAVE_STRINGS_H 1
| #define HAVE_INTTYPES_H 1
| #define HAVE_STDINT_H 1
| #define HAVE_UNISTD_H 1
| /* end confdefs.h.  */
| #include <Accelerate/Accelerate.h>
configure:3355: result: no
configure:3355: checking for Accelerate/Accelerate.h
configure:3355: result: no
configure:3363: checking libavcodec/avcodec.h usability
configure:3363: gcc -c -g -O2  conftest.c >&5
conftest.c:52:32: fatal error: libavcodec/avcodec.h: No such file or directory
compilation terminated.
configure:3363: $? = 1
configure: failed program was:
| /* confdefs.h */
| #define PACKAGE_NAME "libccv"
| #define PACKAGE_TARNAME "libccv"
| #define PACKAGE_VERSION "0.6"
| #define PACKAGE_STRING "libccv 0.6"
| #define PACKAGE_BUGREPORT ""
| #define PACKAGE_URL ""
| #define STDC_HEADERS 1
| #define HAVE_SYS_TYPES_H 1
| #define HAVE_SYS_STAT_H 1
| #define HAVE_STDLIB_H 1
| #define HAVE_STRING_H 1
| #define HAVE_MEMORY_H 1
| #define HAVE_STRINGS_H 1
| #define HAVE_INTTYPES_H 1
| #define HAVE_STDINT_H 1
| #define HAVE_UNISTD_H 1
| /* end confdefs.h.  */
| #include <stdio.h>
| #ifdef HAVE_SYS_TYPES_H
| # include <sys/types.h>
| #endif
| #ifdef HAVE_SYS_STAT_H
| # include <sys/stat.h>
| #endif
| #ifdef STDC_HEADERS
| # include <stdlib.h>
| # include <stddef.h>
| #else
| # ifdef HAVE_STDLIB_H
| #  include <stdlib.h>
| # endif
| #endif
| #ifdef HAVE_STRING_H
| # if !defined STDC_HEADERS && defined HAVE_MEMORY_H
| #  include <memory.h>
| # endif
| # include <string.h>
| #endif
| #ifdef HAVE_STRINGS_H
| # include <strings.h>
| #endif
| #ifdef HAVE_INTTYPES_H
| # include <inttypes.h>
| #endif
| #ifdef HAVE_STDINT_H
| # include <stdint.h>
| #endif
| #ifdef HAVE_UNISTD_H
| # include <unistd.h>
| #endif
| #include <libavcodec/avcodec.h>
configure:3363: result: no
configure:3363: checking libavcodec/avcodec.h presence
configure:3363: gcc -E  conftest.c
conftest.c:19:32: fatal error: libavcodec/avcodec.h: No such file or directory
compilation terminated.
configure:3363: $? = 1
configure: failed program was:
| /* confdefs.h */
| #define PACKAGE_NAME "libccv"
| #define PACKAGE_TARNAME "libccv"
| #define PACKAGE_VERSION "0.6"
| #define PACKAGE_STRING "libccv 0.6"
| #define PACKAGE_BUGREPORT ""
| #define PACKAGE_URL ""
| #define STDC_HEADERS 1
| #define HAVE_SYS_TYPES_H 1
| #define HAVE_SYS_STAT_H 1
| #define HAVE_STDLIB_H 1
| #define HAVE_STRING_H 1
| #define HAVE_MEMORY_H 1
| #define HAVE_STRINGS_H 1
| #define HAVE_INTTYPES_H 1
| #define HAVE_STDINT_H 1
| #define HAVE_UNISTD_H 1
| /* end confdefs.h.  */
| #include <libavcodec/avcodec.h>
configure:3363: result: no
configure:3363: checking for libavcodec/avcodec.h
configure:3363: result: no
configure:3371: checking libavformat/avformat.h usability
configure:3371: gcc -c -g -O2  conftest.c >&5
conftest.c:52:34: fatal error: libavformat/avformat.h: No such file or directory
compilation terminated.
configure:3371: $? = 1
configure: failed program was:
| /* confdefs.h */
| #define PACKAGE_NAME "libccv"
| #define PACKAGE_TARNAME "libccv"
| #define PACKAGE_VERSION "0.6"
| #define PACKAGE_STRING "libccv 0.6"
| #define PACKAGE_BUGREPORT ""
| #define PACKAGE_URL ""
| #define STDC_HEADERS 1
| #define HAVE_SYS_TYPES_H 1
| #define HAVE_SYS_STAT_H 1
| #define HAVE_STDLIB_H 1
| #define HAVE_STRING_H 1
| #define HAVE_MEMORY_H 1
| #define HAVE_STRINGS_H 1
| #define HAVE_INTTYPES_H 1
| #define HAVE_STDINT_H 1
| #define HAVE_UNISTD_H 1
| /* end confdefs.h.  */
| #include <stdio.h>
| #ifdef HAVE_SYS_TYPES_H
| # include <sys/types.h>
| #endif
| #ifdef HAVE_SYS_STAT_H
| # include <sys/stat.h>
| #endif
| #ifdef STDC_HEADERS
| # include <stdlib.h>
| # include <stddef.h>
| #else
| # ifdef HAVE_STDLIB_H
| #  include <stdlib.h>
| # endif
| #endif
| #ifdef HAVE_STRING_H
| # if !defined STDC_HEADERS && defined HAVE_MEMORY_H
| #  include <memory.h>
| # endif
| # include <string.h>
| #endif
| #ifdef HAVE_STRINGS_H
| # include <strings.h>
| #endif
| #ifdef HAVE_INTTYPES_H
| # include <inttypes.h>
| #endif
| #ifdef HAVE_STDINT_H
| # include <stdint.h>
| #endif
| #ifdef HAVE_UNISTD_H
| # include <unistd.h>
| #endif
| #include <libavformat/avformat.h>
configure:3371: result: no
configure:3371: checking libavformat/avformat.h presence
configure:3371: gcc -E  conftest.c
conftest.c:19:34: fatal error: libavformat/avformat.h: No such file or directory
compilation terminated.
configure:3371: $? = 1
configure: failed program was:
| /* confdefs.h */
| #define PACKAGE_NAME "libccv"
| #define PACKAGE_TARNAME "libccv"
| #define PACKAGE_VERSION "0.6"
| #define PACKAGE_STRING "libccv 0.6"
| #define PACKAGE_BUGREPORT ""
| #define PACKAGE_URL ""
| #define STDC_HEADERS 1
| #define HAVE_SYS_TYPES_H 1
| #define HAVE_SYS_STAT_H 1
| #define HAVE_STDLIB_H 1
| #define HAVE_STRING_H 1
| #define HAVE_MEMORY_H 1
| #define HAVE_STRINGS_H 1
| #define HAVE_INTTYPES_H 1
| #define HAVE_STDINT_H 1
| #define HAVE_UNISTD_H 1
| /* end confdefs.h.  */
| #include <libavformat/avformat.h>
configure:3371: result: no
configure:3371: checking for libavformat/avformat.h
configure:3371: result: no
configure:3379: checking libswscale/swscale.h usability
configure:3379: gcc -c -g -O2  conftest.c >&5
conftest.c:52:32: fatal error: libswscale/swscale.h: No such file or directory
compilation terminated.
configure:3379: $? = 1
configure: failed program was:
| /* confdefs.h */
| #define PACKAGE_NAME "libccv"
| #define PACKAGE_TARNAME "libccv"
| #define PACKAGE_VERSION "0.6"
| #define PACKAGE_STRING "libccv 0.6"
| #define PACKAGE_BUGREPORT ""
| #define PACKAGE_URL ""
| #define STDC_HEADERS 1
| #define HAVE_SYS_TYPES_H 1
| #define HAVE_SYS_STAT_H 1
| #define HAVE_STDLIB_H 1
| #define HAVE_STRING_H 1
| #define HAVE_MEMORY_H 1
| #define HAVE_STRINGS_H 1
| #define HAVE_INTTYPES_H 1
| #define HAVE_STDINT_H 1
| #define HAVE_UNISTD_H 1
| /* end confdefs.h.  */
| #include <stdio.h>
| #ifdef HAVE_SYS_TYPES_H
| # include <sys/types.h>
| #endif
| #ifdef HAVE_SYS_STAT_H
| # include <sys/stat.h>
| #endif
| #ifdef STDC_HEADERS
| # include <stdlib.h>
| # include <stddef.h>
| #else
| # ifdef HAVE_STDLIB_H
| #  include <stdlib.h>
| # endif
| #endif
| #ifdef HAVE_STRING_H
| # if !defined STDC_HEADERS && defined HAVE_MEMORY_H
| #  include <memory.h>
| # endif
| # include <string.h>
| #endif
| #ifdef HAVE_STRINGS_H
| # include <strings.h>
| #endif
| #ifdef HAVE_INTTYPES_H
| # include <inttypes.h>
| #endif
| #ifdef HAVE_STDINT_H
| # include <stdint.h>
| #endif
| #ifdef HAVE_UNISTD_H
| # include <unistd.h>
| #endif
| #include <libswscale/swscale.h>
configure:3379: result: no
configure:3379: checking libswscale/swscale.h presence
configure:3379: gcc -E  conftest.c
conftest.c:19:32: fatal error: libswscale/swscale.h: No such file or directory
compilation terminated.
configure:3379: $? = 1
configure: failed program was:
| /* confdefs.h */
| #define PACKAGE_NAME "libccv"
| #define PACKAGE_TARNAME "libccv"
| #define PACKAGE_VERSION "0.6"
| #define PACKAGE_STRING "libccv 0.6"
| #define PACKAGE_BUGREPORT ""
| #define PACKAGE_URL ""
| #define STDC_HEADERS 1
| #define HAVE_SYS_TYPES_H 1
| #define HAVE_SYS_STAT_H 1
| #define HAVE_STDLIB_H 1
| #define HAVE_STRING_H 1
| #define HAVE_MEMORY_H 1
| #define HAVE_STRINGS_H 1
| #define HAVE_INTTYPES_H 1
| #define HAVE_STDINT_H 1
| #define HAVE_UNISTD_H 1
| /* end confdefs.h.  */
| #include <libswscale/swscale.h>
configure:3379: result: no
configure:3379: checking for libswscale/swscale.h
configure:3379: result: no
configure:3441: checking for cos in -lm
configure:3466: gcc -o conftest -g -O2   conftest.c -lm   >&5
conftest.c:26:6: warning: conflicting types for built-in function 'cos' [enabled by default]
configure:3466: $? = 0
configure:3475: result: yes
configure:3486: checking for cblas_dgemm in -lgslcblas
configure:3511: gcc -o conftest -g -O2   conftest.c -lgslcblas  -lm  >&5
/usr/bin/ld: cannot find -lgslcblas
collect2: ld returned 1 exit status
configure:3511: $? = 1
configure: failed program was:
| /* confdefs.h */
| #define PACKAGE_NAME "libccv"
| #define PACKAGE_TARNAME "libccv"
| #define PACKAGE_VERSION "0.6"
| #define PACKAGE_STRING "libccv 0.6"
| #define PACKAGE_BUGREPORT ""
| #define PACKAGE_URL ""
| #define STDC_HEADERS 1
| #define HAVE_SYS_TYPES_H 1
| #define HAVE_SYS_STAT_H 1
| #define HAVE_STDLIB_H 1
| #define HAVE_STRING_H 1
| #define HAVE_MEMORY_H 1
| #define HAVE_STRINGS_H 1
| #define HAVE_INTTYPES_H 1
| #define HAVE_STDINT_H 1
| #define HAVE_UNISTD_H 1
| #define HAVE_LIBM 1
| /* end confdefs.h.  */
| 
| /* Override any GCC internal prototype to avoid an error.
|    Use char because int might match the return type of a GCC
|    builtin and then its argument prototype would still apply.  */
| #ifdef __cplusplus
| extern "C"
| #endif
| char cblas_dgemm ();
| int
| main ()
| {
| return cblas_dgemm ();
|   ;
|   return 0;
| }
configure:3520: result: no
configure:3531: checking for gsl_blas_dgemm in -lgsl
configure:3556: gcc -o conftest -g -O2   conftest.c -lgsl  -lm  >&5
/usr/bin/ld: cannot find -lgsl
collect2: ld returned 1 exit status
configure:3556: $? = 1
configure: failed program was:
| /* confdefs.h */
| #define PACKAGE_NAME "libccv"
| #define PACKAGE_TARNAME "libccv"
| #define PACKAGE_VERSION "0.6"
| #define PACKAGE_STRING "libccv 0.6"
| #define PACKAGE_BUGREPORT ""
| #define PACKAGE_URL ""
| #define STDC_HEADERS 1
| #define HAVE_SYS_TYPES_H 1
| #define HAVE_SYS_STAT_H 1
| #define HAVE_STDLIB_H 1
| #define HAVE_STRING_H 1
| #define HAVE_MEMORY_H 1
| #define HAVE_STRINGS_H 1
| #define HAVE_INTTYPES_H 1
| #define HAVE_STDINT_H 1
| #define HAVE_UNISTD_H 1
| #define HAVE_LIBM 1
| /* end confdefs.h.  */
| 
| /* Override any GCC internal prototype to avoid an error.
|    Use char because int might match the return type of a GCC
|    builtin and then its argument prototype would still apply.  */
| #ifdef __cplusplus
| extern "C"
| #endif
| char gsl_blas_dgemm ();
| int
| main ()
| {
| return gsl_blas_dgemm ();
|   ;
|   return 0;
| }
configure:3565: result: no
configure:3575: checking cuda
configure:3604: result: no
configure:3787: creating ./config.status

## ---------------------- ##
## Running config.status. ##
## ---------------------- ##

This file was extended by libccv config.status 0.6, which was
generated by GNU Autoconf 2.69.  Invocation command line was

  CONFIG_FILES    = 
  CONFIG_HEADERS  = 
  CONFIG_LINKS    = 
  CONFIG_COMMANDS = 
  $ ./config.status 

on gu-VirtualBox

config.status:729: creating config.mk

## ---------------- ##
## Cache variables. ##
## ---------------- ##

ac_cv_c_compiler_gnu=yes
ac_cv_env_CC_set=
ac_cv_env_CC_value=
ac_cv_env_CFLAGS_set=
ac_cv_env_CFLAGS_value=
ac_cv_env_CPPFLAGS_set=
ac_cv_env_CPPFLAGS_value=
ac_cv_env_CPP_set=
ac_cv_env_CPP_value=
ac_cv_env_LDFLAGS_set=
ac_cv_env_LDFLAGS_value=
ac_cv_env_LIBS_set=
ac_cv_env_LIBS_value=
ac_cv_env_build_alias_set=
ac_cv_env_build_alias_value=
ac_cv_env_host_alias_set=
ac_cv_env_host_alias_value=
ac_cv_env_target_alias_set=
ac_cv_env_target_alias_value=
ac_cv_header_Accelerate_Accelerate_h=no
ac_cv_header_cblas_h=no
ac_cv_header_fftw3_h=no
ac_cv_header_inttypes_h=yes
ac_cv_header_jpeglib_h=no
ac_cv_header_libavcodec_avcodec_h=no
ac_cv_header_libavformat_avformat_h=no
ac_cv_header_libswscale_swscale_h=no
ac_cv_header_linear_h=no
ac_cv_header_memory_h=yes
ac_cv_header_png_h=no
ac_cv_header_stdc=yes
ac_cv_header_stdint_h=yes
ac_cv_header_stdlib_h=yes
ac_cv_header_string_h=yes
ac_cv_header_strings_h=yes
ac_cv_header_sys_stat_h=yes
ac_cv_header_sys_types_h=yes
ac_cv_header_tesseract_capi_h=no
ac_cv_header_unistd_h=yes
ac_cv_header_xmmintrin_h=yes
ac_cv_lib_gsl_gsl_blas_dgemm=no
ac_cv_lib_gslcblas_cblas_dgemm=no
ac_cv_lib_m_cos=yes
ac_cv_objext=o
ac_cv_path_EGREP='/bin/grep -E'
ac_cv_path_GREP=/bin/grep
ac_cv_prog_CPP='gcc -E'
ac_cv_prog_ac_ct_CC=gcc
ac_cv_prog_cc_c89=
ac_cv_prog_cc_g=yes

## ----------------- ##
## Output variables. ##
## ----------------- ##

CC='gcc'
CFLAGS='-g -O2'
CPP='gcc -E'
CPPFLAGS=''
CUDA_OBJS=''
DEFINE_MACROS='-D HAVE_SSE2'
DEFS='-DPACKAGE_NAME=\"libccv\" -DPACKAGE_TARNAME=\"libccv\" -DPACKAGE_VERSION=\"0.6\" -DPACKAGE_STRING=\"libccv\ 0.6\" -DPACKAGE_BUGREPORT=\"\" -DPACKAGE_URL=\"\" -DSTDC_HEADERS=1 -DHAVE_SYS_TYPES_H=1 -DHAVE_SYS_STAT_H=1 -DHAVE_STDLIB_H=1 -DHAVE_STRING_H=1 -DHAVE_MEMORY_H=1 -DHAVE_STRINGS_H=1 -DHAVE_INTTYPES_H=1 -DHAVE_STDINT_H=1 -DHAVE_UNISTD_H=1 -DHAVE_LIBM=1'
DISCFLAGS='-msse2 -D HAVE_SSE2'
ECHO_C=''
ECHO_N='-n'
ECHO_T=''
EGREP='/bin/grep -E'
EXEEXT=''
GREP='/bin/grep'
LDFLAGS=''
LIBOBJS=''
LIBS='-lm '
LTLIBOBJS=''
MKCFLAGS='-msse2 $(DEFINE_MACROS)'
MKLDFLAGS='-lm'
NVCC=''
OBJEXT='o'
PACKAGE_BUGREPORT=''
PACKAGE_NAME='libccv'
PACKAGE_STRING='libccv 0.6'
PACKAGE_TARNAME='libccv'
PACKAGE_URL=''
PACKAGE_VERSION='0.6'
PATH_SEPARATOR=':'
SHELL='/bin/bash'
ac_ct_CC='gcc'
bindir='${exec_prefix}/bin'
build_alias=''
datadir='${datarootdir}'
datarootdir='${prefix}/share'
docdir='${datarootdir}/doc/${PACKAGE_TARNAME}'
dvidir='${docdir}'
exec_prefix='${prefix}'
host_alias=''
htmldir='${docdir}'
includedir='${prefix}/include'
infodir='${datarootdir}/info'
libdir='${exec_prefix}/lib'
libexecdir='${exec_prefix}/libexec'
localedir='${datarootdir}/locale'
localstatedir='${prefix}/var'
mandir='${datarootdir}/man'
oldincludedir='/usr/include'
pdfdir='${docdir}'
prefix='/usr/local'
program_transform_name='s,x,x,'
psdir='${docdir}'
sbindir='${exec_prefix}/sbin'
sharedstatedir='${prefix}/com'
sysconfdir='${prefix}/etc'
target_alias=''

## ----------- ##
## confdefs.h. ##
## ----------- ##

/* confdefs.h */
#define PACKAGE_NAME "libccv"
#define PACKAGE_TARNAME "libccv"
#define PACKAGE_VERSION "0.6"
#define PACKAGE_STRING "libccv 0.6"
#define PACKAGE_BUGREPORT ""
#define PACKAGE_URL ""
#define STDC_HEADERS 1
#define HAVE_SYS_TYPES_H 1
#define HAVE_SYS_STAT_H 1
#define HAVE_STDLIB_H 1
#define HAVE_STRING_H 1
#define HAVE_MEMORY_H 1
#define HAVE_STRINGS_H 1
#define HAVE_INTTYPES_H 1
#define HAVE_STDINT_H 1
#define HAVE_UNISTD_H 1
#define HAVE_LIBM 1

configure: exit 0
